#
# There is insufficient memory for the Java Runtime Environment to continue.
# Native memory allocation (malloc) failed to allocate 1048576 bytes for AllocateHeap
# Possible reasons:
#   The system is out of physical RAM or swap space
#   The process is running with CompressedOops enabled, and the Java Heap may be blocking the growth of the native heap
# Possible solutions:
#   Reduce memory load on the system
#   Increase physical memory or swap space
#   Check if swap backing store is full
#   Decrease Java heap size (-Xmx/-Xms)
#   Decrease number of Java threads
#   Decrease Java thread stack sizes (-Xss)
#   Set larger code cache with -XX:ReservedCodeCacheSize=
#   JVM is running with Unscaled Compressed Oops mode in which the Java heap is
#     placed in the first 4GB address space. The Java Heap base address is the
#     maximum limit for the native heap growth. Please use -XX:HeapBaseMinAddress
#     to set the Java Heap base and to place the Java Heap above 4GB virtual address.
# This output file may be truncated or incomplete.
#
#  Out of Memory Error (memory/allocation.inline.hpp:61), pid=2724, tid=0x0000000000002020
#
# JRE version:  (8.0_221-b11) (build )
# Java VM: Java HotSpot(TM) 64-Bit Server VM (25.221-b11 mixed mode windows-amd64 compressed oops)
# Failed to write core dump. Minidumps are not enabled by default on client versions of Windows
#

---------------  T H R E A D  ---------------

Current thread (0x0000000002d1e800):  JavaThread "Unknown thread" [_thread_in_vm, id=8224, stack(0x00000000012c0000,0x00000000013c0000)]

Stack: [0x00000000012c0000,0x00000000013c0000]
[error occurred during error reporting (printing stack bounds), id 0xc0000005]

Native frames: (J=compiled Java code, j=interpreted, Vv=VM code, C=native code)


---------------  P R O C E S S  ---------------

Java Threads: ( => current thread )

Other Threads:

=>0x0000000002d1e800 (exited) JavaThread "Unknown thread" [_thread_in_vm, id=8224, stack(0x00000000012c0000,0x00000000013c0000)]

VM state:not at safepoint (normal execution)

VM Mutex/Monitor currently owned by a thread: None

heap address: 0x00000000c1600000, size: 1002 MB, Compressed Oops mode: 32-bit
Narrow klass base: 0x0000000000000000, Narrow klass shift: 3
Compressed class space size: 1073741824 Address: 0x0000000100000000

Heap:
 PSYoungGen      total 18944K, used 327K [0x00000000eb200000, 0x00000000ec700000, 0x0000000100000000)
  eden space 16384K, 2% used [0x00000000eb200000,0x00000000eb251ec8,0x00000000ec200000)
  from space 2560K, 0% used [0x00000000ec480000,0x00000000ec480000,0x00000000ec700000)
  to   space 2560K, 0% used [0x00000000ec200000,0x00000000ec200000,0x00000000ec480000)
 ParOldGen       total 44032K, used 0K [0x00000000c1600000, 0x00000000c4100000, 0x00000000eb200000)
  object space 44032K, 0% used [0x00000000c1600000,0x00000000c1600000,0x00000000c4100000)
 Metaspace       used 776K, capacity 4480K, committed 4480K, reserved 1056768K
  class space    used 76K, capacity 384K, committed 384K, reserved 1048576K

Card table byte_map: [0x00000000120e0000,0x00000000122e0000] byte_map_base: 0x0000000011ad5000

Marking Bits: (ParMarkBitMap*) 0x0000000065c75ce0
 Begin Bits: [0x0000000012830000, 0x00000000137d8000)
 End Bits:   [0x00000000137d8000, 0x0000000014780000)

Polling page: 0x0000000000e10000

CodeCache: size=245760Kb used=328Kb max_used=328Kb free=245431Kb
 bounds [0x0000000002d20000, 0x0000000002f90000, 0x0000000011d20000]
 total_blobs=58 nmethods=0 adapters=38
 compilation: enabled

Compilation events (0 events):
No events

GC Heap History (0 events):
No events

Deoptimization events (0 events):
No events

Classes redefined (0 events):
No events

Internal exceptions (0 events):
No events

Events (10 events):
Event: 0.028 loading class java/lang/Short
Event: 0.028 loading class java/lang/Short done
Event: 0.028 loading class java/lang/Integer
Event: 0.028 loading class java/lang/Integer done
Event: 0.028 loading class java/lang/Long
Event: 0.028 loading class java/lang/Long done
Event: 0.029 loading class java/lang/NullPointerException
Event: 0.029 loading class java/lang/NullPointerException done
Event: 0.029 loading class java/lang/ArithmeticException
Event: 0.029 loading class java/lang/ArithmeticException done


Dynamic libraries:
0x00007ff65aa10000 - 0x00007ff65aa47000 	C:\Program Files\Java\jdk1.8.0_221\bin\javaw.exe
0x00007ffb6b620000 - 0x00007ffb6b810000 	C:\WINDOWS\SYSTEM32\ntdll.dll
0x00007ffb69f00000 - 0x00007ffb69fb2000 	C:\WINDOWS\System32\KERNEL32.DLL
0x00007ffb69480000 - 0x00007ffb69724000 	C:\WINDOWS\System32\KERNELBASE.dll
0x00007ffb666c0000 - 0x00007ffb6674f000 	C:\WINDOWS\SYSTEM32\apphelp.dll
0x00007ffb69fc0000 - 0x00007ffb6a063000 	C:\WINDOWS\System32\ADVAPI32.dll
0x00007ffb6ada0000 - 0x00007ffb6ae3e000 	C:\WINDOWS\System32\msvcrt.dll
0x00007ffb6a070000 - 0x00007ffb6a107000 	C:\WINDOWS\System32\sechost.dll
0x00007ffb69770000 - 0x00007ffb69890000 	C:\WINDOWS\System32\RPCRT4.dll
0x00007ffb6abd0000 - 0x00007ffb6ad64000 	C:\WINDOWS\System32\USER32.dll
0x00007ffb68600000 - 0x00007ffb68621000 	C:\WINDOWS\System32\win32u.dll
0x00007ffb6ad70000 - 0x00007ffb6ad96000 	C:\WINDOWS\System32\GDI32.dll
0x00007ffb68830000 - 0x00007ffb689c6000 	C:\WINDOWS\System32\gdi32full.dll
0x00007ffb691e0000 - 0x00007ffb6927e000 	C:\WINDOWS\System32\msvcp_win.dll
0x00007ffb69360000 - 0x00007ffb6945a000 	C:\WINDOWS\System32\ucrtbase.dll
0x00007ffb633c0000 - 0x00007ffb63644000 	C:\WINDOWS\WinSxS\amd64_microsoft.windows.common-controls_6595b64144ccf1df_6.0.18362.959_none_e6c7bbbf130c62bb\COMCTL32.dll
0x00007ffb6a800000 - 0x00007ffb6ab35000 	C:\WINDOWS\System32\combase.dll
0x00007ffb689d0000 - 0x00007ffb68a50000 	C:\WINDOWS\System32\bcryptPrimitives.dll
0x00007ffb69740000 - 0x00007ffb6976e000 	C:\WINDOWS\System32\IMM32.DLL
0x0000000066470000 - 0x0000000066542000 	C:\Program Files\Java\jdk1.8.0_221\jre\bin\msvcr100.dll
0x0000000065450000 - 0x0000000065cf5000 	C:\Program Files\Java\jdk1.8.0_221\jre\bin\server\jvm.dll
0x00007ffb6a110000 - 0x00007ffb6a118000 	C:\WINDOWS\System32\PSAPI.DLL
0x00007ffb651e0000 - 0x00007ffb65204000 	C:\WINDOWS\SYSTEM32\WINMM.dll
0x00007ffb62470000 - 0x00007ffb6247a000 	C:\WINDOWS\SYSTEM32\VERSION.dll
0x00007ffb54c20000 - 0x00007ffb54c29000 	C:\WINDOWS\SYSTEM32\WSOCK32.dll
0x00007ffb6a790000 - 0x00007ffb6a7ff000 	C:\WINDOWS\System32\WS2_32.dll
0x00007ffb651b0000 - 0x00007ffb651dd000 	C:\WINDOWS\SYSTEM32\winmmbase.dll
0x00007ffb692b0000 - 0x00007ffb692fa000 	C:\WINDOWS\System32\cfgmgr32.dll
0x00007ffb5dd40000 - 0x00007ffb5dd4f000 	C:\Program Files\Java\jdk1.8.0_221\jre\bin\verify.dll
0x00007ffb5dd10000 - 0x00007ffb5dd39000 	C:\Program Files\Java\jdk1.8.0_221\jre\bin\java.dll
0x00007ffb59210000 - 0x00007ffb59226000 	C:\Program Files\Java\jdk1.8.0_221\jre\bin\zip.dll

VM Arguments:
jvm_args: -Dmaven.home=EMBEDDED -Dclassworlds.conf=E:\WorkSpace\.metadata\.plugins\org.eclipse.m2e.launching\launches\m2conf5207567642337002202.tmp -Dmaven.multiModuleProjectDirectory=E:\WorkSpace\vipulproject -Dfile.encoding=Cp1252 
java_command: org.codehaus.plexus.classworlds.launcher.Launcher -B clean
java_class_path (initial): /E:/eclipse/plugins/org.eclipse.m2e.maven.runtime_1.7.0.20160603-1931/jars/plexus-classworlds-2.5.2.jar
Launcher Type: SUN_STANDARD

Environment Variables:
PATH=C:/Program Files/Java/jdk1.8.0_221/bin/../jre/bin/server;C:/Program Files/Java/jdk1.8.0_221/bin/../jre/bin;C:/Program Files/Java/jdk1.8.0_221/bin/../jre/lib/amd64;E:\base\sof\bin;C:\Users\ot\ot1\bin;C:\WINDOWS\system32;C:\WINDOWS;C:\WINDOWS\System32\Wbem;C:\WINDOWS\System32\WindowsPowerShell\v1.0\;C:\WINDOWS\System32\OpenSSH\;C:\Program Files\Java\jdk1.8.0_221\bin;C:\Users\Punit Baliyan\AppData\Local\Microsoft\WindowsApps;;E:\eclipse;
USERNAME=Punit Baliyan
OS=Windows_NT
PROCESSOR_IDENTIFIER=Intel64 Family 6 Model 142 Stepping 10, GenuineIntel



---------------  S Y S T E M  ---------------

OS: Windows 10.0 , 64 bit Build 18362 (10.0.18362.959)

CPU:total 4 (initial active 4) (2 cores per cpu, 2 threads per core) family 6 model 142 stepping 10, cmov, cx8, fxsr, mmx, sse, sse2, sse3, ssse3, sse4.1, sse4.2, popcnt, avx, avx2, aes, clmul, erms, 3dnowpref, lzcnt, ht, tsc, tscinvbit, bmi1, bmi2, adx

Memory: 4k page, physical 4101348k(619324k free), swap 5530852k(6012k free)

vm_info: Java HotSpot(TM) 64-Bit Server VM (25.221-b11) for windows-amd64 JRE (1.8.0_221-b11), built on Jul  4 2019 04:39:29 by "java_re" with MS VC++ 10.0 (VS2010)

time: Fri Jul 31 12:07:46 2020
timezone: India Standard Time
elapsed time: 0 seconds (0d 0h 0m 0s)

